<?xml version="1.0" encoding="UTF-8"?>
<testng-results ignored="0" total="2" passed="2" failed="0" skipped="0">
  <reporter-output>
  </reporter-output>
  <suite started-at="2024-07-22T00:01:27 IST" name="Surefire suite" finished-at="2024-07-22T00:01:27 IST" duration-ms="45">
    <groups>
    </groups>
    <test started-at="2024-07-22T00:01:27 IST" name="Surefire test" finished-at="2024-07-22T00:01:27 IST" duration-ms="45">
      <class name="testes.Test2">
        <test-method signature="demo2()[pri:0, instance:testes.Test2@5bfa9431]" started-at="2024-07-22T00:01:27 IST" name="demo2" finished-at="2024-07-22T00:01:27 IST" duration-ms="1" status="PASS">
          <reporter-output>
          </reporter-output>
        </test-method> <!-- demo2 -->
      </class> <!-- testes.Test2 -->
      <class name="testes.Test1">
        <test-method signature="Demo1()[pri:0, instance:testes.Test1@6b19b79]" started-at="2024-07-22T00:01:27 IST" name="Demo1" finished-at="2024-07-22T00:01:27 IST" duration-ms="6" status="PASS">
          <reporter-output>
          </reporter-output>
        </test-method> <!-- Demo1 -->
      </class> <!-- testes.Test1 -->
    </test> <!-- Surefire test -->
  </suite> <!-- Surefire suite -->
</testng-results>
