<?xml version="1.0" encoding="UTF-8"?>
<testng-results ignored="0" total="2" passed="2" failed="0" skipped="0">
  <reporter-output>
  </reporter-output>
  <suite started-at="2024-07-22T00:00:41 IST" name="Suite" finished-at="2024-07-22T00:00:41 IST" duration-ms="60">
    <groups>
    </groups>
    <test started-at="2024-07-22T00:00:41 IST" name="Test" finished-at="2024-07-22T00:00:41 IST" duration-ms="60">
      <class name="testes.Test2">
        <test-method signature="demo2()[pri:0, instance:testes.Test2@60bd273d]" started-at="2024-07-22T00:00:41 IST" name="demo2" finished-at="2024-07-22T00:00:41 IST" duration-ms="4" status="PASS">
          <reporter-output>
          </reporter-output>
        </test-method> <!-- demo2 -->
      </class> <!-- testes.Test2 -->
      <class name="testes.Test1">
        <test-method signature="Demo1()[pri:0, instance:testes.Test1@48aca48b]" started-at="2024-07-22T00:00:41 IST" name="Demo1" finished-at="2024-07-22T00:00:41 IST" duration-ms="10" status="PASS">
          <reporter-output>
          </reporter-output>
        </test-method> <!-- Demo1 -->
      </class> <!-- testes.Test1 -->
    </test> <!-- Test -->
  </suite> <!-- Suite -->
</testng-results>
