<?xml version="1.0" encoding="UTF-8"?>
<testng-results ignored="0" total="1" passed="1" failed="0" skipped="0">
  <reporter-output>
  </reporter-output>
  <suite started-at="2024-07-22T00:17:56 IST" name="Default suite" finished-at="2024-07-22T00:17:56 IST" duration-ms="63">
    <groups>
    </groups>
    <test started-at="2024-07-22T00:17:56 IST" name="Default test" finished-at="2024-07-22T00:17:56 IST" duration-ms="63">
      <class name="testes.Test3">
        <test-method signature="Demo3()[pri:0, instance:testes.Test3@72e5a8e]" started-at="2024-07-22T00:17:56 IST" name="Demo3" finished-at="2024-07-22T00:17:56 IST" duration-ms="11" status="PASS">
          <reporter-output>
          </reporter-output>
        </test-method> <!-- Demo3 -->
      </class> <!-- testes.Test3 -->
    </test> <!-- Default test -->
  </suite> <!-- Default suite -->
</testng-results>
